<?xml version="1.0" encoding="UTF-8"?>
<testsuite name="LibraryTest" tests="1" skipped="0" failures="0" errors="0" timestamp="2017-01-18T11:59:59" hostname="kohry-main-linux" time="0.031">
  <properties/>
  <testcase name="someLibraryMethod returns true" classname="LibraryTest" time="0.031"/>
  <system-out><![CDATA[]]></system-out>
  <system-err><![CDATA[]]></system-err>
</testsuite>
